<?xml version="1.0" encoding="UTF-8"?>
<!-- Generated by org.testng.reporters.JUnitXMLReporter -->
<testsuite ignored="0" hostname="Sarfarazs-Laptop.local" failures="0" tests="2" name="ErrorValidationsTest" time="27.621" errors="0" timestamp="2025-05-15T01:12:01 EDT">
  <testcase classname="qaAcadaemy.ErrorValidationsTest" name="LoginErrorValidation" time="0.645"/>
  <testcase classname="qaAcadaemy.ErrorValidationsTest" name="ProductValidation" time="7.157"/>
</testsuite> <!-- ErrorValidationsTest -->
