<?xml version="1.0" encoding="UTF-8"?>
<testng-results ignored="0" total="1" passed="1" failed="0" skipped="0">
  <reporter-output>
  </reporter-output>
  <suite started-at="2025-05-11T14:12:25 EDT" name="Surefire suite" finished-at="2025-05-11T14:12:33 EDT" duration-ms="8160">
    <groups>
      <group name="cucumber">
        <method signature="AbstractTestNGCucumberTests.runScenario(io.cucumber.testng.PickleWrapper,io.cucumber.testng.FeatureWrapper)[pri:0, instance:Cucumber.TestNGtestRunner@79ad8b2f]" name="runScenario" class="io.cucumber.testng.AbstractTestNGCucumberTests"/>
      </group> <!-- cucumber -->
    </groups>
    <test started-at="2025-05-11T14:12:25 EDT" name="Surefire test" finished-at="2025-05-11T14:12:33 EDT" duration-ms="8160">
      <class name="Cucumber.TestNGtestRunner">
        <test-method is-config="true" signature="setUpClass(org.testng.ITestContext)[pri:0, instance:Cucumber.TestNGtestRunner@79ad8b2f]" started-at="2025-05-11T14:12:25 EDT" name="setUpClass" finished-at="2025-05-11T14:12:25 EDT" duration-ms="210" status="PASS">
          <params>
            <param index="0">
              <value>
                <![CDATA[org.testng.TestRunner@5da7cee2]]>
              </value>
            </param>
          </params>
          <reporter-output>
          </reporter-output>
        </test-method> <!-- setUpClass -->
        <test-method signature="runScenario(io.cucumber.testng.PickleWrapper,io.cucumber.testng.FeatureWrapper)[pri:0, instance:Cucumber.TestNGtestRunner@79ad8b2f]" started-at="2025-05-11T14:12:25 EDT" name="runScenario" description="Runs Cucumber Scenarios" data-provider="scenarios" finished-at="2025-05-11T14:12:33 EDT" duration-ms="7923" status="PASS">
          <params>
            <param index="0">
              <value>
                <![CDATA["Error in Login"]]>
              </value>
            </param>
            <param index="1">
              <value>
                <![CDATA["Error Validation"]]>
              </value>
            </param>
          </params>
          <reporter-output>
          </reporter-output>
        </test-method> <!-- runScenario -->
        <test-method is-config="true" signature="tearDownClass()[pri:0, instance:Cucumber.TestNGtestRunner@79ad8b2f]" started-at="2025-05-11T14:12:33 EDT" name="tearDownClass" finished-at="2025-05-11T14:12:33 EDT" duration-ms="13" status="PASS">
          <reporter-output>
          </reporter-output>
        </test-method> <!-- tearDownClass -->
      </class> <!-- Cucumber.TestNGtestRunner -->
    </test> <!-- Surefire test -->
  </suite> <!-- Surefire suite -->
</testng-results>
